c:\users\eatol\documents\apollo\branches\censer\dronedefense_raylib\obj\x64\debug\vc142.pdb
c:\users\eatol\documents\apollo\branches\censer\dronedefense_raylib\obj\x64\debug\vc142.idb
c:\users\eatol\documents\apollo\branches\censer\dronedefense_raylib\obj\x64\debug\pch.obj
c:\users\eatol\documents\apollo\branches\censer\dronedefense_raylib\obj\x64\debug\imgui_impl_raylib.obj
c:\users\eatol\documents\apollo\branches\censer\dronedefense_raylib\obj\x64\debug\imgui_widgets.obj
c:\users\eatol\documents\apollo\branches\censer\dronedefense_raylib\obj\x64\debug\imgui_draw.obj
c:\users\eatol\documents\apollo\branches\censer\dronedefense_raylib\obj\x64\debug\imgui_demo.obj
c:\users\eatol\documents\apollo\branches\censer\dronedefense_raylib\obj\x64\debug\imgui.obj
c:\users\eatol\documents\apollo\branches\censer\dronedefense_raylib\obj\x64\debug\main.obj
c:\users\eatol\documents\apollo\branches\censer\dronedefense_raylib\obj\x64\debug\io.obj
c:\users\eatol\documents\apollo\branches\censer\bin\debug\censer.exe
c:\users\eatol\documents\apollo\branches\censer\bin\debug\censer.ilk
c:\users\eatol\documents\apollo\branches\censer\bin\debug\censer.pdb
c:\users\eatol\documents\apollo\branches\censer\dronedefense_raylib\..\bin\debug\censer.exe
c:\users\eatol\documents\apollo\branches\censer\dronedefense_raylib\obj\x64\debug\censer.tlog\cl.command.1.tlog
c:\users\eatol\documents\apollo\branches\censer\dronedefense_raylib\obj\x64\debug\censer.tlog\cl.read.1.tlog
c:\users\eatol\documents\apollo\branches\censer\dronedefense_raylib\obj\x64\debug\censer.tlog\cl.write.1.tlog
c:\users\eatol\documents\apollo\branches\censer\dronedefense_raylib\obj\x64\debug\censer.tlog\link.command.1.tlog
c:\users\eatol\documents\apollo\branches\censer\dronedefense_raylib\obj\x64\debug\censer.tlog\link.read.1.tlog
c:\users\eatol\documents\apollo\branches\censer\dronedefense_raylib\obj\x64\debug\censer.tlog\link.write.1.tlog
