  main.cc
c:\program files (x86)\windows kits\10\include\10.0.17763.0\um\winuser.h(10568): warning C4005: 'LoadImage': macro redefinition
  g:\spaceballs\dronedefense_raylib\pch.h(57): note: see previous definition of 'LoadImage'
c:\program files (x86)\windows kits\10\include\10.0.17763.0\um\playsoundapi.h(121): warning C4005: 'PlaySound': macro redefinition
  g:\spaceballs\dronedefense_raylib\pch.h(58): note: see previous definition of 'PlaySound'
g:\spaceballs\dronedefense_raylib\io.h(9): warning C4267: 'initializing': conversion from 'size_t' to 'zint', possible loss of data
g:\spaceballs\dronedefense_raylib\io.h(9): warning C4267: 'initializing': conversion from 'size_t' to 'const zint', possible loss of data
g:\spaceballs\dronedefense_raylib\io.h(10): warning C4267: 'initializing': conversion from 'size_t' to 'zint', possible loss of data
g:\spaceballs\dronedefense_raylib\io.h(10): warning C4267: 'initializing': conversion from 'size_t' to 'const zint', possible loss of data
g:\spaceballs\dronedefense_raylib\common.h(36): warning C4005: 'EPSILON': macro redefinition
  g:\spaceballs\raylib\src\raymath.h(81): note: see previous definition of 'EPSILON'
g:\spaceballs\dronedefense_raylib\common.h(95): warning C4244: '=': conversion from 'float' to 'unsigned char', possible loss of data
g:\spaceballs\dronedefense_raylib\common.h(96): warning C4244: '=': conversion from 'float' to 'unsigned char', possible loss of data
g:\spaceballs\dronedefense_raylib\common.h(97): warning C4244: '=': conversion from 'float' to 'unsigned char', possible loss of data
g:\spaceballs\dronedefense_raylib\common.h(98): warning C4244: '=': conversion from 'float' to 'unsigned char', possible loss of data
g:\spaceballs\dronedefense_raylib\common.h(938): warning C4305: 'return': truncation from 'int' to 'bool'
g:\spaceballs\dronedefense_raylib\common.h(944): warning C4305: 'return': truncation from 'int' to 'bool'
g:\spaceballs\dronedefense_raylib\common.h(950): warning C4305: 'return': truncation from 'int' to 'bool'
g:\spaceballs\raylib\src\config.h(108): warning C4005: 'RL_CULL_DISTANCE_FAR': macro redefinition
  g:\spaceballs\raylib\src\rlgl.h(230): note: see previous definition of 'RL_CULL_DISTANCE_FAR'
g:\spaceballs\dronedefense_raylib\main.cc(45): warning C4244: 'argument': conversion from 'float' to 'int', possible loss of data
g:\spaceballs\dronedefense_raylib\main.cc(67): warning C4305: 'initializing': truncation from 'double' to 'float'
g:\spaceballs\dronedefense_raylib\main.cc(100): warning C4244: 'argument': conversion from 'float' to 'int', possible loss of data
g:\spaceballs\dronedefense_raylib\main.cc(170): warning C4244: 'argument': conversion from 'float' to 'int', possible loss of data
g:\spaceballs\dronedefense_raylib\main.cc(277): warning C4244: 'argument': conversion from 'float' to 'int', possible loss of data
  DroneDefense_raylib.vcxproj -> G:\Spaceballs\DroneDefense_raylib\..\bin\Debug\censer.exe
